This is pdfTeX, Version 3.14159265-2.6-1.40.19 (MiKTeX 2.9.6800 64-bit) (preloaded format=pdflatex 2018.9.26)  8 DEC 2018 00:23
entering extended mode
**./Seminar.tex
(Seminar.tex
LaTeX2e <2018-04-01> patch level 5
(C:\Users\yoavp\AppData\Roaming\MiKTeX\2.9\tex\latex\beamer\beamer.cls
Document Class: beamer 2018/09/20 v3.54 A class for typesetting presentations

(C:\Users\yoavp\AppData\Roaming\MiKTeX\2.9\tex\latex\beamer\beamerbasemodes.sty
(C:\Users\yoavp\AppData\Roaming\MiKTeX\2.9\tex\latex\etoolbox\etoolbox.sty
Package: etoolbox 2018/08/19 v2.5f e-TeX tools for LaTeX (JAW)
\etb@tempcnta=\count80
)
\beamer@tempbox=\box26
\beamer@tempcount=\count81
\c@beamerpauses=\count82

(C:\Users\yoavp\AppData\Roaming\MiKTeX\2.9\tex\latex\beamer\beamerbasedecode.st
y
\beamer@slideinframe=\count83
\beamer@minimum=\count84
)
\beamer@commentbox=\box27
\beamer@modecount=\count85
) ("C:\Program Files\MiKTeX 2.9\tex\generic\oberdiek\ifpdf.sty"
Package: ifpdf 2017/03/15 v3.2 Provides the ifpdf switch
)
\headdp=\dimen102
\footheight=\dimen103
\sidebarheight=\dimen104
\beamer@tempdim=\dimen105
\beamer@finalheight=\dimen106
\beamer@animht=\dimen107
\beamer@animdp=\dimen108
\beamer@animwd=\dimen109
\beamer@leftmargin=\dimen110
\beamer@rightmargin=\dimen111
\beamer@leftsidebar=\dimen112
\beamer@rightsidebar=\dimen113
\beamer@boxsize=\dimen114
\beamer@vboxoffset=\dimen115
\beamer@descdefault=\dimen116
\beamer@descriptionwidth=\dimen117
\beamer@lastskip=\skip41
\beamer@areabox=\box28
\beamer@animcurrent=\box29
\beamer@animshowbox=\box30
\beamer@sectionbox=\box31
\beamer@logobox=\box32
\beamer@linebox=\box33
\beamer@sectioncount=\count86
\beamer@subsubsectionmax=\count87
\beamer@subsectionmax=\count88
\beamer@sectionmax=\count89
\beamer@totalheads=\count90
\beamer@headcounter=\count91
\beamer@partstartpage=\count92
\beamer@sectionstartpage=\count93
\beamer@subsectionstartpage=\count94
\beamer@animationtempa=\count95
\beamer@animationtempb=\count96
\beamer@xpos=\count97
\beamer@ypos=\count98
\beamer@ypos@offset=\count99
\beamer@showpartnumber=\count100
\beamer@currentsubsection=\count101
\beamer@coveringdepth=\count102
\beamer@sectionadjust=\count103
\beamer@tocsectionnumber=\count104

(C:\Users\yoavp\AppData\Roaming\MiKTeX\2.9\tex\latex\beamer\beamerbaseoptions.s
ty ("C:\Program Files\MiKTeX 2.9\tex\latex\graphics\keyval.sty"
Package: keyval 2014/10/28 v1.15 key=value parser (DPC)
\KV@toks@=\toks14
))
\beamer@paperwidth=\skip42
\beamer@paperheight=\skip43

("C:\Program Files\MiKTeX 2.9\tex\latex\geometry\geometry.sty"
Package: geometry 2018/04/16 v5.8 Page Geometry

("C:\Program Files\MiKTeX 2.9\tex\generic\oberdiek\ifvtex.sty"
Package: ifvtex 2016/05/16 v1.6 Detect VTeX and its facilities (HO)
Package ifvtex Info: VTeX not detected.
)
("C:\Program Files\MiKTeX 2.9\tex\generic\ifxetex\ifxetex.sty"
Package: ifxetex 2010/09/12 v0.6 Provides ifxetex conditional
)
\Gm@cnth=\count105
\Gm@cntv=\count106
\c@Gm@tempcnt=\count107
\Gm@bindingoffset=\dimen118
\Gm@wd@mp=\dimen119
\Gm@odd@mp=\dimen120
\Gm@even@mp=\dimen121
\Gm@layoutwidth=\dimen122
\Gm@layoutheight=\dimen123
\Gm@layouthoffset=\dimen124
\Gm@layoutvoffset=\dimen125
\Gm@dimlist=\toks15

("C:\Program Files\MiKTeX 2.9\tex\latex\geometry\geometry.cfg"))
("C:\Program Files\MiKTeX 2.9\tex\latex\base\size11.clo"
File: size11.clo 2014/09/29 v1.4h Standard LaTeX file (size option)
)
(C:\Users\yoavp\AppData\Roaming\MiKTeX\2.9\tex\latex\pgf\basiclayer\pgfcore.sty
("C:\Program Files\MiKTeX 2.9\tex\latex\graphics\graphicx.sty"
Package: graphicx 2017/06/01 v1.1a Enhanced LaTeX Graphics (DPC,SPQR)

("C:\Program Files\MiKTeX 2.9\tex\latex\graphics\graphics.sty"
Package: graphics 2017/06/25 v1.2c Standard LaTeX Graphics (DPC,SPQR)

("C:\Program Files\MiKTeX 2.9\tex\latex\graphics\trig.sty"
Package: trig 2016/01/03 v1.10 sin cos tan (DPC)
)
("C:\Program Files\MiKTeX 2.9\tex\latex\graphics-cfg\graphics.cfg"
File: graphics.cfg 2016/06/04 v1.11 sample graphics configuration
)
Package graphics Info: Driver file: pdftex.def on input line 99.

("C:\Program Files\MiKTeX 2.9\tex\latex\graphics-def\pdftex.def"
File: pdftex.def 2018/01/08 v1.0l Graphics/color driver for pdftex
))
\Gin@req@height=\dimen126
\Gin@req@width=\dimen127
)
(C:\Users\yoavp\AppData\Roaming\MiKTeX\2.9\tex\latex\pgf\systemlayer\pgfsys.sty
(C:\Users\yoavp\AppData\Roaming\MiKTeX\2.9\tex\latex\pgf\utilities\pgfrcs.sty
(C:\Users\yoavp\AppData\Roaming\MiKTeX\2.9\tex\generic\pgf\utilities\pgfutil-co
mmon.tex
\pgfutil@everybye=\toks16
\pgfutil@tempdima=\dimen128
\pgfutil@tempdimb=\dimen129

(C:\Users\yoavp\AppData\Roaming\MiKTeX\2.9\tex\generic\pgf\utilities\pgfutil-co
mmon-lists.tex))
(C:\Users\yoavp\AppData\Roaming\MiKTeX\2.9\tex\generic\pgf\utilities\pgfutil-la
tex.def
\pgfutil@abb=\box34
 (C:\Users\yoavp\AppData\Roaming\MiKTeX\2.9\tex\latex\ms\everyshi.sty
Package: everyshi 2001/05/15 v3.00 EveryShipout Package (MS)
))
(C:\Users\yoavp\AppData\Roaming\MiKTeX\2.9\tex\generic\pgf\utilities\pgfrcs.cod
e.tex
Package: pgfrcs 2015/08/07 v3.0.1a (rcs-revision 1.31)
))
(C:\Users\yoavp\AppData\Roaming\MiKTeX\2.9\tex\generic\pgf\systemlayer\pgfsys.c
ode.tex
Package: pgfsys 2014/07/09 v3.0.1a (rcs-revision 1.48)

(C:\Users\yoavp\AppData\Roaming\MiKTeX\2.9\tex\generic\pgf\utilities\pgfkeys.co
de.tex
\pgfkeys@pathtoks=\toks17
\pgfkeys@temptoks=\toks18

(C:\Users\yoavp\AppData\Roaming\MiKTeX\2.9\tex\generic\pgf\utilities\pgfkeysfil
tered.code.tex
\pgfkeys@tmptoks=\toks19
))
\pgf@x=\dimen130
\pgf@y=\dimen131
\pgf@xa=\dimen132
\pgf@ya=\dimen133
\pgf@xb=\dimen134
\pgf@yb=\dimen135
\pgf@xc=\dimen136
\pgf@yc=\dimen137
\w@pgf@writea=\write3
\r@pgf@reada=\read1
\c@pgf@counta=\count108
\c@pgf@countb=\count109
\c@pgf@countc=\count110
\c@pgf@countd=\count111
\t@pgf@toka=\toks20
\t@pgf@tokb=\toks21
\t@pgf@tokc=\toks22

(C:\Users\yoavp\AppData\Roaming\MiKTeX\2.9\tex\generic\pgf\systemlayer\pgf.cfg
File: pgf.cfg 2008/05/14  (rcs-revision 1.7)
)
Driver file for pgf: pgfsys-pdftex.def

(C:\Users\yoavp\AppData\Roaming\MiKTeX\2.9\tex\generic\pgf\systemlayer\pgfsys-p
dftex.def
File: pgfsys-pdftex.def 2014/10/11  (rcs-revision 1.35)

(C:\Users\yoavp\AppData\Roaming\MiKTeX\2.9\tex\generic\pgf\systemlayer\pgfsys-c
ommon-pdf.def
File: pgfsys-common-pdf.def 2013/10/10  (rcs-revision 1.13)
)))
(C:\Users\yoavp\AppData\Roaming\MiKTeX\2.9\tex\generic\pgf\systemlayer\pgfsysso
ftpath.code.tex
File: pgfsyssoftpath.code.tex 2013/09/09  (rcs-revision 1.9)
\pgfsyssoftpath@smallbuffer@items=\count112
\pgfsyssoftpath@bigbuffer@items=\count113
)
(C:\Users\yoavp\AppData\Roaming\MiKTeX\2.9\tex\generic\pgf\systemlayer\pgfsyspr
otocol.code.tex
File: pgfsysprotocol.code.tex 2006/10/16  (rcs-revision 1.4)
))
(C:\Users\yoavp\AppData\Roaming\MiKTeX\2.9\tex\latex\xcolor\xcolor.sty
Package: xcolor 2016/05/11 v2.12 LaTeX color extensions (UK)

("C:\Program Files\MiKTeX 2.9\tex\latex\graphics-cfg\color.cfg"
File: color.cfg 2016/01/02 v1.6 sample color configuration
)
Package xcolor Info: Driver file: pdftex.def on input line 225.
Package xcolor Info: Model `cmy' substituted by `cmy0' on input line 1348.
Package xcolor Info: Model `hsb' substituted by `rgb' on input line 1352.
Package xcolor Info: Model `RGB' extended on input line 1364.
Package xcolor Info: Model `HTML' substituted by `rgb' on input line 1366.
Package xcolor Info: Model `Hsb' substituted by `hsb' on input line 1367.
Package xcolor Info: Model `tHsb' substituted by `hsb' on input line 1368.
Package xcolor Info: Model `HSB' substituted by `hsb' on input line 1369.
Package xcolor Info: Model `Gray' substituted by `gray' on input line 1370.
Package xcolor Info: Model `wave' substituted by `hsb' on input line 1371.
)
(C:\Users\yoavp\AppData\Roaming\MiKTeX\2.9\tex\generic\pgf\basiclayer\pgfcore.c
ode.tex
Package: pgfcore 2010/04/11 v3.0.1a (rcs-revision 1.7)

(C:\Users\yoavp\AppData\Roaming\MiKTeX\2.9\tex\generic\pgf\math\pgfmath.code.te
x
(C:\Users\yoavp\AppData\Roaming\MiKTeX\2.9\tex\generic\pgf\math\pgfmathcalc.cod
e.tex
(C:\Users\yoavp\AppData\Roaming\MiKTeX\2.9\tex\generic\pgf\math\pgfmathutil.cod
e.tex)
(C:\Users\yoavp\AppData\Roaming\MiKTeX\2.9\tex\generic\pgf\math\pgfmathparser.c
ode.tex
\pgfmath@dimen=\dimen138
\pgfmath@count=\count114
\pgfmath@box=\box35
\pgfmath@toks=\toks23
\pgfmath@stack@operand=\toks24
\pgfmath@stack@operation=\toks25
)
(C:\Users\yoavp\AppData\Roaming\MiKTeX\2.9\tex\generic\pgf\math\pgfmathfunction
s.code.tex
(C:\Users\yoavp\AppData\Roaming\MiKTeX\2.9\tex\generic\pgf\math\pgfmathfunction
s.basic.code.tex)
(C:\Users\yoavp\AppData\Roaming\MiKTeX\2.9\tex\generic\pgf\math\pgfmathfunction
s.trigonometric.code.tex)
(C:\Users\yoavp\AppData\Roaming\MiKTeX\2.9\tex\generic\pgf\math\pgfmathfunction
s.random.code.tex)
(C:\Users\yoavp\AppData\Roaming\MiKTeX\2.9\tex\generic\pgf\math\pgfmathfunction
s.comparison.code.tex)
(C:\Users\yoavp\AppData\Roaming\MiKTeX\2.9\tex\generic\pgf\math\pgfmathfunction
s.base.code.tex)
(C:\Users\yoavp\AppData\Roaming\MiKTeX\2.9\tex\generic\pgf\math\pgfmathfunction
s.round.code.tex)
(C:\Users\yoavp\AppData\Roaming\MiKTeX\2.9\tex\generic\pgf\math\pgfmathfunction
s.misc.code.tex)
(C:\Users\yoavp\AppData\Roaming\MiKTeX\2.9\tex\generic\pgf\math\pgfmathfunction
s.integerarithmetics.code.tex)))
(C:\Users\yoavp\AppData\Roaming\MiKTeX\2.9\tex\generic\pgf\math\pgfmathfloat.co
de.tex
\c@pgfmathroundto@lastzeros=\count115
))
(C:\Users\yoavp\AppData\Roaming\MiKTeX\2.9\tex\generic\pgf\basiclayer\pgfcorepo
ints.code.tex
File: pgfcorepoints.code.tex 2013/10/07  (rcs-revision 1.27)
\pgf@picminx=\dimen139
\pgf@picmaxx=\dimen140
\pgf@picminy=\dimen141
\pgf@picmaxy=\dimen142
\pgf@pathminx=\dimen143
\pgf@pathmaxx=\dimen144
\pgf@pathminy=\dimen145
\pgf@pathmaxy=\dimen146
\pgf@xx=\dimen147
\pgf@xy=\dimen148
\pgf@yx=\dimen149
\pgf@yy=\dimen150
\pgf@zx=\dimen151
\pgf@zy=\dimen152
)
(C:\Users\yoavp\AppData\Roaming\MiKTeX\2.9\tex\generic\pgf\basiclayer\pgfcorepa
thconstruct.code.tex
File: pgfcorepathconstruct.code.tex 2013/10/07  (rcs-revision 1.29)
\pgf@path@lastx=\dimen153
\pgf@path@lasty=\dimen154
)
(C:\Users\yoavp\AppData\Roaming\MiKTeX\2.9\tex\generic\pgf\basiclayer\pgfcorepa
thusage.code.tex
File: pgfcorepathusage.code.tex 2014/11/02  (rcs-revision 1.24)
\pgf@shorten@end@additional=\dimen155
\pgf@shorten@start@additional=\dimen156
)
(C:\Users\yoavp\AppData\Roaming\MiKTeX\2.9\tex\generic\pgf\basiclayer\pgfcoresc
opes.code.tex
File: pgfcorescopes.code.tex 2015/05/08  (rcs-revision 1.46)
\pgfpic=\box36
\pgf@hbox=\box37
\pgf@layerbox@main=\box38
\pgf@picture@serial@count=\count116
)
(C:\Users\yoavp\AppData\Roaming\MiKTeX\2.9\tex\generic\pgf\basiclayer\pgfcoregr
aphicstate.code.tex
File: pgfcoregraphicstate.code.tex 2014/11/02  (rcs-revision 1.12)
\pgflinewidth=\dimen157
)
(C:\Users\yoavp\AppData\Roaming\MiKTeX\2.9\tex\generic\pgf\basiclayer\pgfcoretr
ansformations.code.tex
File: pgfcoretransformations.code.tex 2015/08/07  (rcs-revision 1.20)
\pgf@pt@x=\dimen158
\pgf@pt@y=\dimen159
\pgf@pt@temp=\dimen160
)
(C:\Users\yoavp\AppData\Roaming\MiKTeX\2.9\tex\generic\pgf\basiclayer\pgfcorequ
ick.code.tex
File: pgfcorequick.code.tex 2008/10/09  (rcs-revision 1.3)
)
(C:\Users\yoavp\AppData\Roaming\MiKTeX\2.9\tex\generic\pgf\basiclayer\pgfcoreob
jects.code.tex
File: pgfcoreobjects.code.tex 2006/10/11  (rcs-revision 1.2)
)
(C:\Users\yoavp\AppData\Roaming\MiKTeX\2.9\tex\generic\pgf\basiclayer\pgfcorepa
thprocessing.code.tex
File: pgfcorepathprocessing.code.tex 2013/09/09  (rcs-revision 1.9)
)
(C:\Users\yoavp\AppData\Roaming\MiKTeX\2.9\tex\generic\pgf\basiclayer\pgfcorear
rows.code.tex
File: pgfcorearrows.code.tex 2015/05/14  (rcs-revision 1.43)
\pgfarrowsep=\dimen161
)
(C:\Users\yoavp\AppData\Roaming\MiKTeX\2.9\tex\generic\pgf\basiclayer\pgfcoresh
ade.code.tex
File: pgfcoreshade.code.tex 2013/07/15  (rcs-revision 1.15)
\pgf@max=\dimen162
\pgf@sys@shading@range@num=\count117
)
(C:\Users\yoavp\AppData\Roaming\MiKTeX\2.9\tex\generic\pgf\basiclayer\pgfcoreim
age.code.tex
File: pgfcoreimage.code.tex 2013/07/15  (rcs-revision 1.18)

(C:\Users\yoavp\AppData\Roaming\MiKTeX\2.9\tex\generic\pgf\basiclayer\pgfcoreex
ternal.code.tex
File: pgfcoreexternal.code.tex 2014/07/09  (rcs-revision 1.21)
\pgfexternal@startupbox=\box39
))
(C:\Users\yoavp\AppData\Roaming\MiKTeX\2.9\tex\generic\pgf\basiclayer\pgfcorela
yers.code.tex
File: pgfcorelayers.code.tex 2013/07/18  (rcs-revision 1.7)
)
(C:\Users\yoavp\AppData\Roaming\MiKTeX\2.9\tex\generic\pgf\basiclayer\pgfcoretr
ansparency.code.tex
File: pgfcoretransparency.code.tex 2013/09/30  (rcs-revision 1.5)
)
(C:\Users\yoavp\AppData\Roaming\MiKTeX\2.9\tex\generic\pgf\basiclayer\pgfcorepa
tterns.code.tex
File: pgfcorepatterns.code.tex 2013/11/07  (rcs-revision 1.5)
)))
(C:\Users\yoavp\AppData\Roaming\MiKTeX\2.9\tex\latex\pgf\utilities\xxcolor.sty
Package: xxcolor 2003/10/24 ver 0.1
\XC@nummixins=\count118
\XC@countmixins=\count119
) ("C:\Program Files\MiKTeX 2.9\tex\generic\oberdiek\atbegshi.sty"
Package: atbegshi 2016/06/09 v1.18 At begin shipout hook (HO)

("C:\Program Files\MiKTeX 2.9\tex\generic\oberdiek\infwarerr.sty"
Package: infwarerr 2016/05/16 v1.4 Providing info/warning/error messages (HO)
)
("C:\Program Files\MiKTeX 2.9\tex\generic\oberdiek\ltxcmds.sty"
Package: ltxcmds 2016/05/16 v1.23 LaTeX kernel commands for general use (HO)
))
("C:\Program Files\MiKTeX 2.9\tex\latex\hyperref\hyperref.sty"
Package: hyperref 2018/02/06 v6.86b Hypertext links for LaTeX

("C:\Program Files\MiKTeX 2.9\tex\generic\oberdiek\hobsub-hyperref.sty"
Package: hobsub-hyperref 2016/05/16 v1.14 Bundle oberdiek, subset hyperref (HO)


("C:\Program Files\MiKTeX 2.9\tex\generic\oberdiek\hobsub-generic.sty"
Package: hobsub-generic 2016/05/16 v1.14 Bundle oberdiek, subset generic (HO)
Package: hobsub 2016/05/16 v1.14 Construct package bundles (HO)
Package hobsub Info: Skipping package `infwarerr' (already loaded).
Package hobsub Info: Skipping package `ltxcmds' (already loaded).
Package: ifluatex 2016/05/16 v1.4 Provides the ifluatex switch (HO)
Package ifluatex Info: LuaTeX not detected.
Package hobsub Info: Skipping package `ifvtex' (already loaded).
Package: intcalc 2016/05/16 v1.2 Expandable calculations with integers (HO)
Package hobsub Info: Skipping package `ifpdf' (already loaded).
Package: etexcmds 2016/05/16 v1.6 Avoid name clashes with e-TeX commands (HO)
Package etexcmds Info: Could not find \expanded.
(etexcmds)             That can mean that you are not using pdfTeX 1.50 or
(etexcmds)             that some package has redefined \expanded.
(etexcmds)             In the latter case, load this package earlier.
Package: kvsetkeys 2016/05/16 v1.17 Key value parser (HO)
Package: kvdefinekeys 2016/05/16 v1.4 Define keys (HO)
Package: pdftexcmds 2018/01/30 v0.27 Utility functions of pdfTeX for LuaTeX (HO
)
Package pdftexcmds Info: LuaTeX not detected.
Package pdftexcmds Info: \pdf@primitive is available.
Package pdftexcmds Info: \pdf@ifprimitive is available.
Package pdftexcmds Info: \pdfdraftmode found.
Package: pdfescape 2016/05/16 v1.14 Implements pdfTeX's escape features (HO)
Package: bigintcalc 2016/05/16 v1.4 Expandable calculations on big integers (HO
)
Package: bitset 2016/05/16 v1.2 Handle bit-vector datatype (HO)
Package: uniquecounter 2016/05/16 v1.3 Provide unlimited unique counter (HO)
)
Package hobsub Info: Skipping package `hobsub' (already loaded).
Package: letltxmacro 2016/05/16 v1.5 Let assignment for LaTeX macros (HO)
Package: hopatch 2016/05/16 v1.3 Wrapper for package hooks (HO)
Package: xcolor-patch 2016/05/16 xcolor patch
Package: atveryend 2016/05/16 v1.9 Hooks at the very end of document (HO)
Package hobsub Info: Skipping package `atbegshi' (already loaded).
Package: refcount 2016/05/16 v3.5 Data extraction from label references (HO)
Package: hycolor 2016/05/16 v1.8 Color options for hyperref/bookmark (HO)
)
("C:\Program Files\MiKTeX 2.9\tex\latex\oberdiek\auxhook.sty"
Package: auxhook 2016/05/16 v1.4 Hooks for auxiliary files (HO)
)
("C:\Program Files\MiKTeX 2.9\tex\latex\oberdiek\kvoptions.sty"
Package: kvoptions 2016/05/16 v3.12 Key value format for package options (HO)
)
\@linkdim=\dimen163
\Hy@linkcounter=\count120
\Hy@pagecounter=\count121

("C:\Program Files\MiKTeX 2.9\tex\latex\hyperref\pd1enc.def"
File: pd1enc.def 2018/02/06 v6.86b Hyperref: PDFDocEncoding definition (HO)
Now handling font encoding PD1 ...
... no UTF-8 mapping file for font encoding PD1
)
\Hy@SavedSpaceFactor=\count122

("C:\Program Files\MiKTeX 2.9\tex\latex\00miktex\hyperref.cfg"
File: hyperref.cfg 2002/06/06 v1.2 hyperref configuration of TeXLive
)
Package hyperref Info: Option `bookmarks' set `true' on input line 4383.
Package hyperref Info: Option `bookmarksopen' set `true' on input line 4383.
Package hyperref Info: Option `implicit' set `false' on input line 4383.
Package hyperref Info: Hyper figures OFF on input line 4509.
Package hyperref Info: Link nesting OFF on input line 4514.
Package hyperref Info: Hyper index ON on input line 4517.
Package hyperref Info: Plain pages OFF on input line 4524.
Package hyperref Info: Backreferencing OFF on input line 4529.
Package hyperref Info: Implicit mode OFF; no redefinition of LaTeX internals.
Package hyperref Info: Bookmarks ON on input line 4762.
\c@Hy@tempcnt=\count123

(C:\Users\yoavp\AppData\Roaming\MiKTeX\2.9\tex\latex\url\url.sty
\Urlmuskip=\muskip10
Package: url 2013/09/16  ver 3.4  Verb mode for urls, etc.
)
LaTeX Info: Redefining \url on input line 5115.
\XeTeXLinkMargin=\dimen164
\Fld@menulength=\count124
\Field@Width=\dimen165
\Fld@charsize=\dimen166
Package hyperref Info: Hyper figures OFF on input line 6369.
Package hyperref Info: Link nesting OFF on input line 6374.
Package hyperref Info: Hyper index ON on input line 6377.
Package hyperref Info: backreferencing OFF on input line 6384.
Package hyperref Info: Link coloring OFF on input line 6389.
Package hyperref Info: Link coloring with OCG OFF on input line 6394.
Package hyperref Info: PDF/A mode OFF on input line 6399.
LaTeX Info: Redefining \ref on input line 6439.
LaTeX Info: Redefining \pageref on input line 6443.
\Hy@abspage=\count125


Package hyperref Message: Stopped early.

)
Package hyperref Info: Driver (autodetected): hpdftex.
 ("C:\Program Files\MiKTeX 2.9\tex\latex\hyperref\hpdftex.def"
File: hpdftex.def 2018/02/06 v6.86b Hyperref driver for pdfTeX
\Fld@listcount=\count126
\c@bookmark@seq@number=\count127

("C:\Program Files\MiKTeX 2.9\tex\latex\oberdiek\rerunfilecheck.sty"
Package: rerunfilecheck 2016/05/16 v1.8 Rerun checks for auxiliary files (HO)
Package uniquecounter Info: New unique counter `rerunfilecheck' on input line 2
82.
))
(C:\Users\yoavp\AppData\Roaming\MiKTeX\2.9\tex\latex\beamer\beamerbaserequires.
sty
(C:\Users\yoavp\AppData\Roaming\MiKTeX\2.9\tex\latex\beamer\beamerbasecompatibi
lity.sty)
(C:\Users\yoavp\AppData\Roaming\MiKTeX\2.9\tex\latex\beamer\beamerbasefont.sty
("C:\Program Files\MiKTeX 2.9\tex\latex\amsfonts\amssymb.sty"
Package: amssymb 2013/01/14 v3.01 AMS font symbols

("C:\Program Files\MiKTeX 2.9\tex\latex\amsfonts\amsfonts.sty"
Package: amsfonts 2013/01/14 v3.01 Basic AMSFonts support
\@emptytoks=\toks26
\symAMSa=\mathgroup4
\symAMSb=\mathgroup5
LaTeX Font Info:    Overwriting math alphabet `\mathfrak' in version `bold'
(Font)                  U/euf/m/n --> U/euf/b/n on input line 106.
))
(C:\Users\yoavp\AppData\Roaming\MiKTeX\2.9\tex\latex\sansmathaccent\sansmathacc
ent.sty
Package: sansmathaccent 2013/03/28

(C:\Users\yoavp\AppData\Roaming\MiKTeX\2.9\tex\latex\filehook\filehook.sty
Package: filehook 2011/10/12 v0.5d Hooks for input files
)))
(C:\Users\yoavp\AppData\Roaming\MiKTeX\2.9\tex\latex\beamer\beamerbasetranslato
r.sty
(C:\Users\yoavp\AppData\Roaming\MiKTeX\2.9\tex\latex\translator\translator.sty
Package: translator 2018/01/04 v1.12 Easy translation of strings in LaTeX
))
(C:\Users\yoavp\AppData\Roaming\MiKTeX\2.9\tex\latex\beamer\beamerbasemisc.sty)

(C:\Users\yoavp\AppData\Roaming\MiKTeX\2.9\tex\latex\beamer\beamerbasetwoscreen
s.sty)
(C:\Users\yoavp\AppData\Roaming\MiKTeX\2.9\tex\latex\beamer\beamerbaseoverlay.s
ty
\beamer@argscount=\count128
\beamer@lastskipcover=\skip44
\beamer@trivlistdepth=\count129
)
(C:\Users\yoavp\AppData\Roaming\MiKTeX\2.9\tex\latex\beamer\beamerbasetitle.sty
)
(C:\Users\yoavp\AppData\Roaming\MiKTeX\2.9\tex\latex\beamer\beamerbasesection.s
ty
\c@lecture=\count130
\c@part=\count131
\c@section=\count132
\c@subsection=\count133
\c@subsubsection=\count134
)
(C:\Users\yoavp\AppData\Roaming\MiKTeX\2.9\tex\latex\beamer\beamerbaseframe.sty
\beamer@framebox=\box40
\beamer@frametitlebox=\box41
\beamer@zoombox=\box42
\beamer@zoomcount=\count135
\beamer@zoomframecount=\count136
\beamer@frametextheight=\dimen167
\c@subsectionslide=\count137
\beamer@frametopskip=\skip45
\beamer@framebottomskip=\skip46
\beamer@frametopskipautobreak=\skip47
\beamer@framebottomskipautobreak=\skip48
\beamer@envbody=\toks27
\framewidth=\dimen168
\c@framenumber=\count138
)
(C:\Users\yoavp\AppData\Roaming\MiKTeX\2.9\tex\latex\beamer\beamerbaseverbatim.
sty
\beamer@verbatimfileout=\write4
)
(C:\Users\yoavp\AppData\Roaming\MiKTeX\2.9\tex\latex\beamer\beamerbaseframesize
.sty
\beamer@splitbox=\box43
\beamer@autobreakcount=\count139
\beamer@autobreaklastheight=\dimen169
\beamer@frametitletoks=\toks28
\beamer@framesubtitletoks=\toks29
)
(C:\Users\yoavp\AppData\Roaming\MiKTeX\2.9\tex\latex\beamer\beamerbaseframecomp
onents.sty
\beamer@footins=\box44
)
(C:\Users\yoavp\AppData\Roaming\MiKTeX\2.9\tex\latex\beamer\beamerbasecolor.sty
)
(C:\Users\yoavp\AppData\Roaming\MiKTeX\2.9\tex\latex\beamer\beamerbasenotes.sty
\beamer@frameboxcopy=\box45
) (C:\Users\yoavp\AppData\Roaming\MiKTeX\2.9\tex\latex\beamer\beamerbasetoc.sty
)
(C:\Users\yoavp\AppData\Roaming\MiKTeX\2.9\tex\latex\beamer\beamerbasetemplates
.sty
\beamer@sbttoks=\toks30

(C:\Users\yoavp\AppData\Roaming\MiKTeX\2.9\tex\latex\beamer\beamerbaseauxtempla
tes.sty
(C:\Users\yoavp\AppData\Roaming\MiKTeX\2.9\tex\latex\beamer\beamerbaseboxes.sty
\bmb@box=\box46
\bmb@colorbox=\box47
\bmb@boxshadow=\box48
\bmb@boxshadowball=\box49
\bmb@boxshadowballlarge=\box50
\bmb@temp=\dimen170
\bmb@dima=\dimen171
\bmb@dimb=\dimen172
\bmb@prevheight=\dimen173
)
\beamer@blockheadheight=\dimen174
))
(C:\Users\yoavp\AppData\Roaming\MiKTeX\2.9\tex\latex\beamer\beamerbaselocalstru
cture.sty ("C:\Program Files\MiKTeX 2.9\tex\latex\tools\enumerate.sty"
Package: enumerate 2015/07/23 v3.00 enumerate extensions (DPC)
\@enLab=\toks31
)
\c@figure=\count140
\c@table=\count141
\abovecaptionskip=\skip49
\belowcaptionskip=\skip50
)
(C:\Users\yoavp\AppData\Roaming\MiKTeX\2.9\tex\latex\beamer\beamerbasenavigatio
n.sty
\beamer@section@min@dim=\dimen175
)
(C:\Users\yoavp\AppData\Roaming\MiKTeX\2.9\tex\latex\beamer\beamerbasetheorems.
sty ("C:\Program Files\MiKTeX 2.9\tex\latex\amsmath\amsmath.sty"
Package: amsmath 2017/09/02 v2.17a AMS math features
\@mathmargin=\skip51

For additional information on amsmath, use the `?' option.
("C:\Program Files\MiKTeX 2.9\tex\latex\amsmath\amstext.sty"
Package: amstext 2000/06/29 v2.01 AMS text

("C:\Program Files\MiKTeX 2.9\tex\latex\amsmath\amsgen.sty"
File: amsgen.sty 1999/11/30 v2.0 generic functions
\@emptytoks=\toks32
\ex@=\dimen176
))
("C:\Program Files\MiKTeX 2.9\tex\latex\amsmath\amsbsy.sty"
Package: amsbsy 1999/11/29 v1.2d Bold Symbols
\pmbraise@=\dimen177
)
("C:\Program Files\MiKTeX 2.9\tex\latex\amsmath\amsopn.sty"
Package: amsopn 2016/03/08 v2.02 operator names
)
\inf@bad=\count142
LaTeX Info: Redefining \frac on input line 213.
\uproot@=\count143
\leftroot@=\count144
LaTeX Info: Redefining \overline on input line 375.
\classnum@=\count145
\DOTSCASE@=\count146
LaTeX Info: Redefining \ldots on input line 472.
LaTeX Info: Redefining \dots on input line 475.
LaTeX Info: Redefining \cdots on input line 596.
\Mathstrutbox@=\box51
\strutbox@=\box52
\big@size=\dimen178
LaTeX Font Info:    Redeclaring font encoding OML on input line 712.
LaTeX Font Info:    Redeclaring font encoding OMS on input line 713.
\macc@depth=\count147
\c@MaxMatrixCols=\count148
\dotsspace@=\muskip11
\c@parentequation=\count149
\dspbrk@lvl=\count150
\tag@help=\toks33
\row@=\count151
\column@=\count152
\maxfields@=\count153
\andhelp@=\toks34
\eqnshift@=\dimen179
\alignsep@=\dimen180
\tagshift@=\dimen181
\tagwidth@=\dimen182
\totwidth@=\dimen183
\lineht@=\dimen184
\@envbody=\toks35
\multlinegap=\skip52
\multlinetaggap=\skip53
\mathdisplay@stack=\toks36
LaTeX Info: Redefining \[ on input line 2817.
LaTeX Info: Redefining \] on input line 2818.
)
("C:\Program Files\MiKTeX 2.9\tex\latex\amscls\amsthm.sty"
Package: amsthm 2017/10/31 v2.20.4
\thm@style=\toks37
\thm@bodyfont=\toks38
\thm@headfont=\toks39
\thm@notefont=\toks40
\thm@headpunct=\toks41
\thm@preskip=\skip54
\thm@postskip=\skip55
\thm@headsep=\skip56
\dth@everypar=\toks42
)
\c@theorem=\count154
)
(C:\Users\yoavp\AppData\Roaming\MiKTeX\2.9\tex\latex\beamer\beamerbasethemes.st
y))
(C:\Users\yoavp\AppData\Roaming\MiKTeX\2.9\tex\latex\beamer\beamerthemedefault.
sty
(C:\Users\yoavp\AppData\Roaming\MiKTeX\2.9\tex\latex\beamer\beamerfontthemedefa
ult.sty)
(C:\Users\yoavp\AppData\Roaming\MiKTeX\2.9\tex\latex\beamer\beamercolorthemedef
ault.sty)
(C:\Users\yoavp\AppData\Roaming\MiKTeX\2.9\tex\latex\beamer\beamerinnerthemedef
ault.sty
\beamer@dima=\dimen185
\beamer@dimb=\dimen186
)
(C:\Users\yoavp\AppData\Roaming\MiKTeX\2.9\tex\latex\beamer\beamerouterthemedef
ault.sty)))
(C:\Users\yoavp\AppData\Roaming\MiKTeX\2.9\tex\latex\beamer\beamerthemeFrankfur
t.sty
(C:\Users\yoavp\AppData\Roaming\MiKTeX\2.9\tex\latex\beamer\beamerouterthemesmo
othbars.sty)
(C:\Users\yoavp\AppData\Roaming\MiKTeX\2.9\tex\latex\beamer\beamerinnerthemerou
nded.sty)
(C:\Users\yoavp\AppData\Roaming\MiKTeX\2.9\tex\latex\beamer\beamercolorthemeorc
hid.sty)
(C:\Users\yoavp\AppData\Roaming\MiKTeX\2.9\tex\latex\beamer\beamercolorthemewha
le.sty))
(C:\Users\yoavp\AppData\Roaming\MiKTeX\2.9\tex\latex\beamer\beamerfontthemeprof
essionalfonts.sty)
(C:\Users\yoavp\AppData\Roaming\MiKTeX\2.9\tex\latex\dashbox\dashbox.sty
Package: dashbox 2001/12/11 v1.14 Dashed and layered boxes

("C:\Program Files\MiKTeX 2.9\tex\latex\tools\calc.sty"
Package: calc 2017/05/25 v4.3 Infix arithmetic (KKT,FJ)
\calc@Acount=\count155
\calc@Bcount=\count156
\calc@Adimen=\dimen187
\calc@Bdimen=\dimen188
\calc@Askip=\skip57
\calc@Bskip=\skip58
LaTeX Info: Redefining \setlength on input line 80.
LaTeX Info: Redefining \addtolength on input line 81.
\calc@Ccount=\count157
\calc@Cskip=\skip59
)
("C:\Program Files\MiKTeX 2.9\tex\latex\base\ifthen.sty"
Package: ifthen 2014/09/29 v1.1c Standard LaTeX ifthen package (DPC)
)
\dashlength=\skip60
\dashdash=\skip61
\layersize=\skip62
\d@shedsavebox=\box53
\d@shedboxwidth=\skip63
\d@shedboxtotalheight=\skip64
\l@yersavebox=\box54
\l@yerwidth=\skip65
\l@yerboxwidth=\skip66
\l@yertotalheight=\skip67
\l@yerlineheight=\skip68
\l@yervoffset=\skip69
\c@l@yercount=\count158
)
("C:\Program Files\MiKTeX 2.9\tex\latex\base\latexsym.sty"
Package: latexsym 1998/08/17 v2.2e Standard LaTeX package (lasy symbols)
\symlasy=\mathgroup6
LaTeX Font Info:    Overwriting symbol font `lasy' in version `bold'
(Font)                  U/lasy/m/n --> U/lasy/b/n on input line 52.
)
("C:\Program Files\MiKTeX 2.9\tex\latex\jknappen\mathrsfs.sty"
Package: mathrsfs 1996/01/01 Math RSFS package v1.0 (jk)
\symrsfs=\mathgroup7
)
(C:\Users\yoavp\AppData\Roaming\MiKTeX\2.9\tex\latex\wasysym\wasysym.sty
Package: wasysym 2003/10/30 v2.0 Wasy-2 symbol support package
\symwasy=\mathgroup8
LaTeX Font Info:    Overwriting symbol font `wasy' in version `bold'
(Font)                  U/wasy/m/n --> U/wasy/b/n on input line 90.
)
("C:\Program Files\MiKTeX 2.9\tex\latex\psnfss\pifont.sty"
Package: pifont 2005/04/12 PSNFSS-v9.2a Pi font support (SPQR) 
LaTeX Font Info:    Try loading font information for U+pzd on input line 63.

("C:\Program Files\MiKTeX 2.9\tex\latex\psnfss\upzd.fd"
File: upzd.fd 2001/06/04 font definitions for U/pzd.
)
LaTeX Font Info:    Try loading font information for U+psy on input line 64.

("C:\Program Files\MiKTeX 2.9\tex\latex\psnfss\upsy.fd"
File: upsy.fd 2001/06/04 font definitions for U/psy.
))
(C:\Users\yoavp\AppData\Roaming\MiKTeX\2.9\tex\latex\marvosym\marvosym.sty
Package: marvosym 2011/07/20 v2.2 Martin Vogel's Symbols font definitions
)
(C:\Users\yoavp\AppData\Roaming\MiKTeX\2.9\tex\latex\subfigure\subfigure.sty
Package: subfigure 2002/07/30 v2.1.4 subfigure package
\subfigtopskip=\skip70
\subfigcapskip=\skip71
\subfigcaptopadj=\dimen189
\subfigbottomskip=\skip72
\subfigcapmargin=\dimen190
\subfiglabelskip=\skip73
\c@subfigure=\count159
\c@lofdepth=\count160
\c@subtable=\count161
\c@lotdepth=\count162

****************************************
* Local config file subfigure.cfg used *
****************************************
(C:\Users\yoavp\AppData\Roaming\MiKTeX\2.9\tex\latex\subfigure\subfigure.cfg)
\subfig@top=\skip74
\subfig@bottom=\skip75
)
("C:\Program Files\MiKTeX 2.9\tex\latex\oberdiek\epstopdf.sty"
Package: epstopdf 2016/05/15 v2.6 Conversion with epstopdf on the fly (HO)

("C:\Program Files\MiKTeX 2.9\tex\latex\oberdiek\epstopdf-base.sty"
Package: epstopdf-base 2016/05/15 v2.6 Base part for package epstopdf

("C:\Program Files\MiKTeX 2.9\tex\latex\oberdiek\grfext.sty"
Package: grfext 2016/05/16 v1.2 Manage graphics extensions (HO)
)
Package epstopdf-base Info: Redefining graphics rule for `.eps' on input line 4
38.
Package grfext Info: Graphics extension search list:
(grfext)             [.pdf,.png,.jpg,.mps,.jpeg,.jbig2,.jb2,.PDF,.PNG,.JPG,.JPE
G,.JBIG2,.JB2,.eps]
(grfext)             \AppendGraphicsExtensions on input line 456.
))
(C:\Users\yoavp\AppData\Roaming\MiKTeX\2.9\tex\latex\soul\soul.sty
Package: soul 2003/11/17 v2.4 letterspacing/underlining (mf)
\SOUL@word=\toks43
\SOUL@lasttoken=\toks44
\SOUL@cmds=\toks45
\SOUL@buffer=\toks46
\SOUL@token=\toks47
\SOUL@spaceskip=\skip76
\SOUL@ttwidth=\dimen191
\SOUL@uldp=\dimen192
\SOUL@ulht=\dimen193
)
(C:\Users\yoavp\AppData\Roaming\MiKTeX\2.9\tex\latex\threeparttable\threepartta
ble.sty
Package: threeparttable 2003/06/13  v 3.0
\@tempboxb=\box55
) ("C:\Program Files\MiKTeX 2.9\tex\latex\tools\dcolumn.sty"
Package: dcolumn 2014/10/28 v1.06 decimal alignment package (DPC)

("C:\Program Files\MiKTeX 2.9\tex\latex\tools\array.sty"
Package: array 2018/04/30 v2.4h Tabular extension package (FMi)
\col@sep=\dimen194
\ar@mcellbox=\box56
\extrarowheight=\dimen195
\NC@list=\toks48
\extratabsurround=\skip77
\backup@length=\skip78
\ar@cellbox=\box57
))
("C:\Program Files\MiKTeX 2.9\tex\latex\float\float.sty"
Package: float 2001/11/08 v1.3d Float enhancements (AL)
\c@float@type=\count163
\float@exts=\toks49
\float@box=\box58
\@float@everytoks=\toks50
\@floatcapt=\box59
)
(C:\Users\yoavp\AppData\Roaming\MiKTeX\2.9\tex\latex\algorithms\algorithm.sty
Package: algorithm 2009/08/24 v0.1 Document Style `algorithm' - floating enviro
nment
\@float@every@algorithm=\toks51
\c@algorithm=\count164
)
(C:\Users\yoavp\AppData\Roaming\MiKTeX\2.9\tex\latex\algorithmicx\algpseudocode
.sty
Package: algpseudocode 

(C:\Users\yoavp\AppData\Roaming\MiKTeX\2.9\tex\latex\algorithmicx\algorithmicx.
sty
Package: algorithmicx 2005/04/27 v1.2 Algorithmicx

Document Style algorithmicx 1.2 - a greatly improved `algorithmic' style
\c@ALG@line=\count165
\c@ALG@rem=\count166
\c@ALG@nested=\count167
\ALG@tlm=\skip79
\ALG@thistlm=\skip80
\c@ALG@Lnr=\count168
\c@ALG@blocknr=\count169
\c@ALG@storecount=\count170
\c@ALG@tmpcounter=\count171
\ALG@tmplength=\skip81
)
Document Style - pseudocode environments for use with the `algorithmicx' style
)
(C:\Users\yoavp\AppData\Roaming\MiKTeX\2.9\tex\latex\pgf\frontendlayer\tikz.sty
(C:\Users\yoavp\AppData\Roaming\MiKTeX\2.9\tex\latex\pgf\basiclayer\pgf.sty
Package: pgf 2015/08/07 v3.0.1a (rcs-revision 1.15)

(C:\Users\yoavp\AppData\Roaming\MiKTeX\2.9\tex\generic\pgf\modules\pgfmodulesha
pes.code.tex
File: pgfmoduleshapes.code.tex 2014/03/21  (rcs-revision 1.35)
\pgfnodeparttextbox=\box60
)
(C:\Users\yoavp\AppData\Roaming\MiKTeX\2.9\tex\generic\pgf\modules\pgfmoduleplo
t.code.tex
File: pgfmoduleplot.code.tex 2015/08/03  (rcs-revision 1.13)
)
(C:\Users\yoavp\AppData\Roaming\MiKTeX\2.9\tex\latex\pgf\compatibility\pgfcomp-
version-0-65.sty
Package: pgfcomp-version-0-65 2007/07/03 v3.0.1a (rcs-revision 1.7)
\pgf@nodesepstart=\dimen196
\pgf@nodesepend=\dimen197
)
(C:\Users\yoavp\AppData\Roaming\MiKTeX\2.9\tex\latex\pgf\compatibility\pgfcomp-
version-1-18.sty
Package: pgfcomp-version-1-18 2007/07/23 v3.0.1a (rcs-revision 1.1)
))
(C:\Users\yoavp\AppData\Roaming\MiKTeX\2.9\tex\latex\pgf\utilities\pgffor.sty
(C:\Users\yoavp\AppData\Roaming\MiKTeX\2.9\tex\latex\pgf\utilities\pgfkeys.sty
(C:\Users\yoavp\AppData\Roaming\MiKTeX\2.9\tex\generic\pgf\utilities\pgfkeys.co
de.tex))
(C:\Users\yoavp\AppData\Roaming\MiKTeX\2.9\tex\latex\pgf\math\pgfmath.sty
(C:\Users\yoavp\AppData\Roaming\MiKTeX\2.9\tex\generic\pgf\math\pgfmath.code.te
x))
(C:\Users\yoavp\AppData\Roaming\MiKTeX\2.9\tex\generic\pgf\utilities\pgffor.cod
e.tex
Package: pgffor 2013/12/13 v3.0.1a (rcs-revision 1.25)

(C:\Users\yoavp\AppData\Roaming\MiKTeX\2.9\tex\generic\pgf\math\pgfmath.code.te
x)
\pgffor@iter=\dimen198
\pgffor@skip=\dimen199
\pgffor@stack=\toks52
\pgffor@toks=\toks53
))
(C:\Users\yoavp\AppData\Roaming\MiKTeX\2.9\tex\generic\pgf\frontendlayer\tikz\t
ikz.code.tex
Package: tikz 2015/08/07 v3.0.1a (rcs-revision 1.151)

(C:\Users\yoavp\AppData\Roaming\MiKTeX\2.9\tex\generic\pgf\libraries\pgflibrary
plothandlers.code.tex
File: pgflibraryplothandlers.code.tex 2013/08/31 v3.0.1a (rcs-revision 1.20)
\pgf@plot@mark@count=\count172
\pgfplotmarksize=\dimen256
)
\tikz@lastx=\dimen257
\tikz@lasty=\dimen258
\tikz@lastxsaved=\dimen259
\tikz@lastysaved=\dimen260
\tikzleveldistance=\dimen261
\tikzsiblingdistance=\dimen262
\tikz@figbox=\box61
\tikz@figbox@bg=\box62
\tikz@tempbox=\box63
\tikz@tempbox@bg=\box64
\tikztreelevel=\count173
\tikznumberofchildren=\count174
\tikznumberofcurrentchild=\count175
\tikz@fig@count=\count176

(C:\Users\yoavp\AppData\Roaming\MiKTeX\2.9\tex\generic\pgf\modules\pgfmodulemat
rix.code.tex
File: pgfmodulematrix.code.tex 2013/09/17  (rcs-revision 1.8)
\pgfmatrixcurrentrow=\count177
\pgfmatrixcurrentcolumn=\count178
\pgf@matrix@numberofcolumns=\count179
)
\tikz@expandcount=\count180

(C:\Users\yoavp\AppData\Roaming\MiKTeX\2.9\tex\generic\pgf\frontendlayer\tikz\l
ibraries\tikzlibrarytopaths.code.tex
File: tikzlibrarytopaths.code.tex 2008/06/17 v3.0.1a (rcs-revision 1.2)
)))
(C:\Users\yoavp\AppData\Roaming\MiKTeX\2.9\tex\generic\pgf\frontendlayer\tikz\l
ibraries\tikzlibrarycalc.code.tex
File: tikzlibrarycalc.code.tex 2013/07/15 v3.0.1a (rcs-revision 1.9)
)
(C:\Users\yoavp\AppData\Roaming\MiKTeX\2.9\tex\generic\pgf\frontendlayer\tikz\l
ibraries\tikzlibraryshapes.geometric.code.tex
File: tikzlibraryshapes.geometric.code.tex 2008/01/09 v3.0.1a (rcs-revision 1.1
)

(C:\Users\yoavp\AppData\Roaming\MiKTeX\2.9\tex\generic\pgf\libraries\shapes\pgf
libraryshapes.geometric.code.tex
File: pgflibraryshapes.geometric.code.tex 2008/06/26 v3.0.1a (rcs-revision 1.1)

))
(C:\Users\yoavp\AppData\Roaming\MiKTeX\2.9\tex\generic\pgf\libraries\pgflibrary
arrows.meta.code.tex
File: pgflibraryarrows.meta.code.tex 2015/05/13 v3.0.1a (rcs-revision 1.13)
\pgfarrowinset=\dimen263
\pgfarrowlength=\dimen264
\pgfarrowwidth=\dimen265
\pgfarrowlinewidth=\dimen266
) (Seminar.aux

LaTeX Warning: Label `probformulation2<1>' multiply defined.


LaTeX Warning: Label `probformulation2' multiply defined.


LaTeX Warning: Label `probformulation2<1>' multiply defined.


LaTeX Warning: Label `probformulation2' multiply defined.


LaTeX Warning: Label `GeneralProblem' multiply defined.

)
\openout1 = `Seminar.aux'.

LaTeX Font Info:    Checking defaults for OML/cmm/m/it on input line 124.
LaTeX Font Info:    ... okay on input line 124.
LaTeX Font Info:    Checking defaults for T1/cmr/m/n on input line 124.
LaTeX Font Info:    ... okay on input line 124.
LaTeX Font Info:    Checking defaults for OT1/cmr/m/n on input line 124.
LaTeX Font Info:    ... okay on input line 124.
LaTeX Font Info:    Checking defaults for OMS/cmsy/m/n on input line 124.
LaTeX Font Info:    ... okay on input line 124.
LaTeX Font Info:    Checking defaults for OMX/cmex/m/n on input line 124.
LaTeX Font Info:    ... okay on input line 124.
LaTeX Font Info:    Checking defaults for U/cmr/m/n on input line 124.
LaTeX Font Info:    ... okay on input line 124.
LaTeX Font Info:    Checking defaults for PD1/pdf/m/n on input line 124.
LaTeX Font Info:    ... okay on input line 124.

*geometry* driver: auto-detecting
*geometry* detected driver: pdftex
*geometry* verbose mode - [ preamble ] result:
* driver: pdftex
* paper: custom
* layout: <same size as paper>
* layoutoffset:(h,v)=(0.0pt,0.0pt)
* modes: includehead includefoot 
* h-part:(L,W,R)=(28.45274pt, 307.28987pt, 28.45274pt)
* v-part:(T,H,B)=(0.0pt, 273.14662pt, 0.0pt)
* \paperwidth=364.19536pt
* \paperheight=273.14662pt
* \textwidth=307.28987pt
* \textheight=244.6939pt
* \oddsidemargin=-43.81725pt
* \evensidemargin=-43.81725pt
* \topmargin=-72.26999pt
* \headheight=14.22636pt
* \headsep=0.0pt
* \topskip=11.0pt
* \footskip=14.22636pt
* \marginparwidth=4.0pt
* \marginparsep=10.0pt
* \columnsep=10.0pt
* \skip\footins=10.0pt plus 4.0pt minus 2.0pt
* \hoffset=0.0pt
* \voffset=0.0pt
* \mag=1000
* \@twocolumnfalse
* \@twosidefalse
* \@mparswitchfalse
* \@reversemarginfalse
* (1in=72.27pt=25.4mm, 1cm=28.453pt)

(C:\Users\yoavp\AppData\Roaming\MiKTeX\2.9\tex\context\base\supp-pdf.mkii
[Loading MPS to PDF converter (version 2006.09.02).]
\scratchcounter=\count181
\scratchdimen=\dimen267
\scratchbox=\box65
\nofMPsegments=\count182
\nofMParguments=\count183
\everyMPshowfont=\toks54
\MPscratchCnt=\count184
\MPscratchDim=\dimen268
\MPnumerator=\count185
\makeMPintoPDFobject=\count186
\everyMPtoPDFconversion=\toks55
) ABD: EveryShipout initializing macros
\AtBeginShipoutBox=\box66
Package hyperref Info: Link coloring OFF on input line 124.

("C:\Program Files\MiKTeX 2.9\tex\latex\hyperref\nameref.sty"
Package: nameref 2016/05/21 v2.44 Cross-referencing by name of section

("C:\Program Files\MiKTeX 2.9\tex\generic\oberdiek\gettitlestring.sty"
Package: gettitlestring 2016/05/16 v1.5 Cleanup title references (HO)
)
\c@section@level=\count187
)
LaTeX Info: Redefining \ref on input line 124.
LaTeX Info: Redefining \pageref on input line 124.
LaTeX Info: Redefining \nameref on input line 124.

(Seminar.out) (Seminar.out)
\@outlinefile=\write5
\openout5 = `Seminar.out'.


(C:\Users\yoavp\AppData\Roaming\MiKTeX\2.9\tex\latex\translator\translator-basi
c-dictionary-English.dict
Dictionary: translator-basic-dictionary, Language: English 
)
(C:\Users\yoavp\AppData\Roaming\MiKTeX\2.9\tex\latex\translator\translator-bibl
iography-dictionary-English.dict
Dictionary: translator-bibliography-dictionary, Language: English 
)
(C:\Users\yoavp\AppData\Roaming\MiKTeX\2.9\tex\latex\translator\translator-envi
ronment-dictionary-English.dict
Dictionary: translator-environment-dictionary, Language: English 
)
(C:\Users\yoavp\AppData\Roaming\MiKTeX\2.9\tex\latex\translator\translator-mont
hs-dictionary-English.dict
Dictionary: translator-months-dictionary, Language: English 
)
(C:\Users\yoavp\AppData\Roaming\MiKTeX\2.9\tex\latex\translator\translator-numb
ers-dictionary-English.dict
Dictionary: translator-numbers-dictionary, Language: English 
)
(C:\Users\yoavp\AppData\Roaming\MiKTeX\2.9\tex\latex\translator\translator-theo
rem-dictionary-English.dict
Dictionary: translator-theorem-dictionary, Language: English 
) (Seminar.nav)
Underfull \vbox (badness 10000) has occurred while \output is active []

<Figures/lapid-logo-45.pdf, id=130, 290.0469pt x 380.37297pt>
File: Figures/lapid-logo-45.pdf Graphic file (type pdf)
<use Figures/lapid-logo-45.pdf>
Package pdftex.def Info: Figures/lapid-logo-45.pdf  used on input line 133.
(pdftex.def)             Requested size: 12.75018pt x 16.71556pt.
 [1

 <./Figures/lapid-logo-45.pdf>]
File: Figures/lapid-logo-45.pdf Graphic file (type pdf)
<use Figures/lapid-logo-45.pdf>
Package pdftex.def Info: Figures/lapid-logo-45.pdf  used on input line 133.
(pdftex.def)             Requested size: 12.75018pt x 16.71556pt.
 [2{C:/Users/yoavp/AppData/Local/MiKTeX/2.9/pdftex/config/pdftex.map}] (Seminar
.toc)
File: Figures/lapid-logo-45.pdf Graphic file (type pdf)
<use Figures/lapid-logo-45.pdf>
Package pdftex.def Info: Figures/lapid-logo-45.pdf  used on input line 139.
(pdftex.def)             Requested size: 12.75018pt x 16.71556pt.
 [3

] (Seminar.toc)
File: Figures/lapid-logo-45.pdf Graphic file (type pdf)
<use Figures/lapid-logo-45.pdf>
Package pdftex.def Info: Figures/lapid-logo-45.pdf  used on input line 145.
(pdftex.def)             Requested size: 12.75018pt x 16.71556pt.
 [4

]
Package epstopdf Info: Source file: <Figures/motivation/coverage.eps>
(epstopdf)                    date: 2018-12-07 19:37:28
(epstopdf)                    size: 21275 bytes
(epstopdf)             Output file: <Figures/motivation/coverage-eps-converted-
to.pdf>
(epstopdf)                    date: 2018-12-07 19:39:46
(epstopdf)                    size: 5213 bytes
(epstopdf)             Command: <epstopdf --outfile=Figures/motivation/coverage
-eps-converted-to.pdf Figures/motivation/coverage.eps>
(epstopdf)             \includegraphics on input line 164.
Package epstopdf Info: Output file is already uptodate.
<Figures/motivation/coverage-eps-converted-to.pdf, id=321, 393.47pt x 236.885pt
>
File: Figures/motivation/coverage-eps-converted-to.pdf Graphic file (type pdf)
<use Figures/motivation/coverage-eps-converted-to.pdf>
Package pdftex.def Info: Figures/motivation/coverage-eps-converted-to.pdf  used
 on input line 164.
(pdftex.def)             Requested size: 236.0838pt x 142.13208pt.
File: Figures/lapid-logo-45.pdf Graphic file (type pdf)
<use Figures/lapid-logo-45.pdf>
Package pdftex.def Info: Figures/lapid-logo-45.pdf  used on input line 164.
(pdftex.def)             Requested size: 12.75018pt x 16.71556pt.
 [5

 <./Figures/motivation/coverage-eps-converted-to.pdf>]
LaTeX Font Info:    Try loading font information for U+msa on input line 179.

("C:\Program Files\MiKTeX 2.9\tex\latex\amsfonts\umsa.fd"
File: umsa.fd 2013/01/14 v3.01 AMS symbols A
)
LaTeX Font Info:    Try loading font information for U+msb on input line 179.

("C:\Program Files\MiKTeX 2.9\tex\latex\amsfonts\umsb.fd"
File: umsb.fd 2013/01/14 v3.01 AMS symbols B
)
LaTeX Font Info:    Try loading font information for U+lasy on input line 179.

("C:\Program Files\MiKTeX 2.9\tex\latex\base\ulasy.fd"
File: ulasy.fd 1998/08/17 v2.2e LaTeX symbol font definitions
)
LaTeX Font Info:    Try loading font information for U+rsfs on input line 179.

("C:\Program Files\MiKTeX 2.9\tex\latex\jknappen\ursfs.fd"
File: ursfs.fd 1998/03/24 rsfs font definition file (jk)
)
LaTeX Font Info:    Try loading font information for U+wasy on input line 179.

(C:\Users\yoavp\AppData\Roaming\MiKTeX\2.9\tex\latex\wasysym\uwasy.fd
File: uwasy.fd 2003/10/30 v2.0 Wasy-2 symbol font definitions
)
File: Figures/lapid-logo-45.pdf Graphic file (type pdf)
<use Figures/lapid-logo-45.pdf>
Package pdftex.def Info: Figures/lapid-logo-45.pdf  used on input line 179.
(pdftex.def)             Requested size: 12.75018pt x 16.71556pt.
 [6

]
Package epstopdf Info: Source file: <Figures/motivation/coverage-radius.eps>
(epstopdf)                    date: 2018-12-07 19:39:40
(epstopdf)                    size: 21420 bytes
(epstopdf)             Output file: <Figures/motivation/coverage-radius-eps-con
verted-to.pdf>
(epstopdf)                    date: 2018-12-07 19:39:47
(epstopdf)                    size: 5292 bytes
(epstopdf)             Command: <epstopdf --outfile=Figures/motivation/coverage
-radius-eps-converted-to.pdf Figures/motivation/coverage-radius.eps>
(epstopdf)             \includegraphics on input line 189.
Package epstopdf Info: Output file is already uptodate.
<Figures/motivation/coverage-radius-eps-converted-to.pdf, id=443, 393.47pt x 23
5.88126pt>
File: Figures/motivation/coverage-radius-eps-converted-to.pdf Graphic file (typ
e pdf)
<use Figures/motivation/coverage-radius-eps-converted-to.pdf>
Package pdftex.def Info: Figures/motivation/coverage-radius-eps-converted-to.pd
f  used on input line 189.
(pdftex.def)             Requested size: 196.73451pt x 117.94034pt.
File: Figures/lapid-logo-45.pdf Graphic file (type pdf)
<use Figures/lapid-logo-45.pdf>
Package pdftex.def Info: Figures/lapid-logo-45.pdf  used on input line 189.
(pdftex.def)             Requested size: 12.75018pt x 16.71556pt.

[7

 <./Figures/motivation/coverage-radius-eps-converted-to.pdf>]
Package epstopdf Info: Source file: <Figures/motivation/partial-coverage.eps>
(epstopdf)                    date: 2018-12-07 19:48:12
(epstopdf)                    size: 22917 bytes
(epstopdf)             Output file: <Figures/motivation/partial-coverage-eps-co
nverted-to.pdf>
(epstopdf)                    date: 2018-12-07 19:48:24
(epstopdf)                    size: 5755 bytes
(epstopdf)             Command: <epstopdf --outfile=Figures/motivation/partial-
coverage-eps-converted-to.pdf Figures/motivation/partial-coverage.eps>
(epstopdf)             \includegraphics on input line 198.
Package epstopdf Info: Output file is already uptodate.
<Figures/motivation/partial-coverage-eps-converted-to.pdf, id=507, 530.98375pt 
x 317.185pt>
File: Figures/motivation/partial-coverage-eps-converted-to.pdf Graphic file (ty
pe pdf)
<use Figures/motivation/partial-coverage-eps-converted-to.pdf>
Package pdftex.def Info: Figures/motivation/partial-coverage-eps-converted-to.p
df  used on input line 198.
(pdftex.def)             Requested size: 265.49121pt x 158.5921pt.
File: Figures/lapid-logo-45.pdf Graphic file (type pdf)
<use Figures/lapid-logo-45.pdf>
Package pdftex.def Info: Figures/lapid-logo-45.pdf  used on input line 198.
(pdftex.def)             Requested size: 12.75018pt x 16.71556pt.
 [8

 <./Figures/motivation/partial-coverage-eps-converted-to.pdf>]
Package epstopdf Info: Source file: <Figures/motivation/partial-coverage-to-ful
l.eps>
(epstopdf)                    date: 2018-12-07 22:22:54
(epstopdf)                    size: 23397 bytes
(epstopdf)             Output file: <Figures/motivation/partial-coverage-to-ful
l-eps-converted-to.pdf>
(epstopdf)                    date: 2018-12-07 22:23:08
(epstopdf)                    size: 5849 bytes
(epstopdf)             Command: <epstopdf --outfile=Figures/motivation/partial-
coverage-to-full-eps-converted-to.pdf Figures/motivation/partial-coverage-to-fu
ll.eps>
(epstopdf)             \includegraphics on input line 207.
Package epstopdf Info: Output file is already uptodate.
<Figures/motivation/partial-coverage-to-full-eps-converted-to.pdf, id=569, 530.
98375pt x 317.185pt>
File: Figures/motivation/partial-coverage-to-full-eps-converted-to.pdf Graphic 
file (type pdf)
<use Figures/motivation/partial-coverage-to-full-eps-converted-to.pdf>
Package pdftex.def Info: Figures/motivation/partial-coverage-to-full-eps-conver
ted-to.pdf  used on input line 207.
(pdftex.def)             Requested size: 265.49121pt x 158.5921pt.
File: Figures/lapid-logo-45.pdf Graphic file (type pdf)
<use Figures/lapid-logo-45.pdf>
Package pdftex.def Info: Figures/lapid-logo-45.pdf  used on input line 207.
(pdftex.def)             Requested size: 12.75018pt x 16.71556pt.
 [9

 <./Figures/motivation/partial-coverage-to-full-eps-converted-to.pdf>]
Package epstopdf Info: Source file: <Figures/motivation/deployment-configuratio
n.eps>
(epstopdf)                    date: 2018-12-07 22:27:05
(epstopdf)                    size: 9109 bytes
(epstopdf)             Output file: <Figures/motivation/deployment-configuratio
n-eps-converted-to.pdf>
(epstopdf)                    date: 2018-12-07 22:28:13
(epstopdf)                    size: 3763 bytes
(epstopdf)             Command: <epstopdf --outfile=Figures/motivation/deployme
nt-configuration-eps-converted-to.pdf Figures/motivation/deployment-configurati
on.eps>
(epstopdf)             \includegraphics on input line 216.
Package epstopdf Info: Output file is already uptodate.
<Figures/motivation/deployment-configuration-eps-converted-to.pdf, id=631, 475.
7775pt x 215.80624pt>
File: Figures/motivation/deployment-configuration-eps-converted-to.pdf Graphic 
file (type pdf)
<use Figures/motivation/deployment-configuration-eps-converted-to.pdf>
Package pdftex.def Info: Figures/motivation/deployment-configuration-eps-conver
ted-to.pdf  used on input line 216.
(pdftex.def)             Requested size: 237.88815pt x 107.90285pt.
File: Figures/lapid-logo-45.pdf Graphic file (type pdf)
<use Figures/lapid-logo-45.pdf>
Package pdftex.def Info: Figures/lapid-logo-45.pdf  used on input line 216.
(pdftex.def)             Requested size: 12.75018pt x 16.71556pt.
 [10

 <./Figures/motivation/deployment-configuration-eps-converted-to.pdf>]
Package epstopdf Info: Source file: <Figures/motivation/deployment-configuratio
n-partial-full-example.eps>
(epstopdf)                    date: 2018-12-07 22:32:12
(epstopdf)                    size: 10879 bytes
(epstopdf)             Output file: <Figures/motivation/deployment-configuratio
n-partial-full-example-eps-converted-to.pdf>
(epstopdf)                    date: 2018-12-07 22:32:18
(epstopdf)                    size: 4053 bytes
(epstopdf)             Command: <epstopdf --outfile=Figures/motivation/deployme
nt-configuration-partial-full-example-eps-converted-to.pdf Figures/motivation/d
eployment-configuration-partial-full-example.eps>
(epstopdf)             \includegraphics on input line 225.
Package epstopdf Info: Output file is already uptodate.
<Figures/motivation/deployment-configuration-partial-full-example-eps-converted
-to.pdf, id=690, 475.7775pt x 215.80624pt>
File: Figures/motivation/deployment-configuration-partial-full-example-eps-conv
erted-to.pdf Graphic file (type pdf)
<use Figures/motivation/deployment-configuration-partial-full-example-eps-conve
rted-to.pdf>
Package pdftex.def Info: Figures/motivation/deployment-configuration-partial-fu
ll-example-eps-converted-to.pdf  used on input line 225.
(pdftex.def)             Requested size: 237.88815pt x 107.90285pt.
File: Figures/lapid-logo-45.pdf Graphic file (type pdf)
<use Figures/lapid-logo-45.pdf>
Package pdftex.def Info: Figures/lapid-logo-45.pdf  used on input line 225.
(pdftex.def)             Requested size: 12.75018pt x 16.71556pt.
 [11

 <./Figures/motivation/deployment-configuration-partial-full-example-eps-conver
ted-to.pdf>]
Package epstopdf Info: Source file: <Figures/motivation/deployment-configuratio
n-partial-full-example.eps>
(epstopdf)                    date: 2018-12-07 22:32:12
(epstopdf)                    size: 10879 bytes
(epstopdf)             Output file: <Figures/motivation/deployment-configuratio
n-partial-full-example-eps-converted-to.pdf>
(epstopdf)                    date: 2018-12-07 22:32:18
(epstopdf)                    size: 4053 bytes
(epstopdf)             Command: <epstopdf --outfile=Figures/motivation/deployme
nt-configuration-partial-full-example-eps-converted-to.pdf Figures/motivation/d
eployment-configuration-partial-full-example.eps>
(epstopdf)             \includegraphics on input line 234.
Package epstopdf Info: Output file is already uptodate.
File: Figures/motivation/deployment-configuration-partial-full-example-eps-conv
erted-to.pdf Graphic file (type pdf)
<use Figures/motivation/deployment-configuration-partial-full-example-eps-conve
rted-to.pdf>
Package pdftex.def Info: Figures/motivation/deployment-configuration-partial-fu
ll-example-eps-converted-to.pdf  used on input line 234.
(pdftex.def)             Requested size: 237.88815pt x 107.90285pt.
File: Figures/lapid-logo-45.pdf Graphic file (type pdf)
<use Figures/lapid-logo-45.pdf>
Package pdftex.def Info: Figures/lapid-logo-45.pdf  used on input line 234.
(pdftex.def)             Requested size: 12.75018pt x 16.71556pt.
 [12

]
Package epstopdf Info: Source file: <Figures/motivation/deployment-configuratio
n-partial-no-enough-sensors.eps>
(epstopdf)                    date: 2018-12-07 22:44:15
(epstopdf)                    size: 9621 bytes
(epstopdf)             Output file: <Figures/motivation/deployment-configuratio
n-partial-no-enough-sensors-eps-converted-to.pdf>
(epstopdf)                    date: 2018-12-07 22:44:20
(epstopdf)                    size: 3648 bytes
(epstopdf)             Command: <epstopdf --outfile=Figures/motivation/deployme
nt-configuration-partial-no-enough-sensors-eps-converted-to.pdf Figures/motivat
ion/deployment-configuration-partial-no-enough-sensors.eps>
(epstopdf)             \includegraphics on input line 243.
Package epstopdf Info: Output file is already uptodate.
<Figures/motivation/deployment-configuration-partial-no-enough-sensors-eps-conv
erted-to.pdf, id=805, 475.7775pt x 215.80624pt>
File: Figures/motivation/deployment-configuration-partial-no-enough-sensors-eps
-converted-to.pdf Graphic file (type pdf)
<use Figures/motivation/deployment-configuration-partial-no-enough-sensors-eps-
converted-to.pdf>
Package pdftex.def Info: Figures/motivation/deployment-configuration-partial-no
-enough-sensors-eps-converted-to.pdf  used on input line 243.
(pdftex.def)             Requested size: 237.88815pt x 107.90285pt.
File: Figures/lapid-logo-45.pdf Graphic file (type pdf)
<use Figures/lapid-logo-45.pdf>
Package pdftex.def Info: Figures/lapid-logo-45.pdf  used on input line 243.
(pdftex.def)             Requested size: 12.75018pt x 16.71556pt.
 [13

 <./Figures/motivation/deployment-configuration-partial-no-enough-sensors-eps-c
onverted-to.pdf>]
Package epstopdf Info: Source file: <Figures/motivation/deployment-configuratio
n-coverage-constraint.eps>
(epstopdf)                    date: 2018-12-07 23:06:23
(epstopdf)                    size: 6096 bytes
(epstopdf)             Output file: <Figures/motivation/deployment-configuratio
n-coverage-constraint-eps-converted-to.pdf>
(epstopdf)                    date: 2018-12-07 23:11:14
(epstopdf)                    size: 3200 bytes
(epstopdf)             Command: <epstopdf --outfile=Figures/motivation/deployme
nt-configuration-coverage-constraint-eps-converted-to.pdf Figures/motivation/de
ployment-configuration-coverage-constraint.eps>
(epstopdf)             \includegraphics on input line 256.
Package epstopdf Info: Output file is already uptodate.
<Figures/motivation/deployment-configuration-coverage-constraint-eps-converted-
to.pdf, id=865, 202.7575pt x 215.80624pt>
File: Figures/motivation/deployment-configuration-coverage-constraint-eps-conve
rted-to.pdf Graphic file (type pdf)
<use Figures/motivation/deployment-configuration-coverage-constraint-eps-conver
ted-to.pdf>
Package pdftex.def Info: Figures/motivation/deployment-configuration-coverage-c
onstraint-eps-converted-to.pdf  used on input line 256.
(pdftex.def)             Requested size: 81.10156pt x 86.32095pt.
File: Figures/lapid-logo-45.pdf Graphic file (type pdf)
<use Figures/lapid-logo-45.pdf>
Package pdftex.def Info: Figures/lapid-logo-45.pdf  used on input line 256.
(pdftex.def)             Requested size: 12.75018pt x 16.71556pt.
 [14

 <./Figures/motivation/deployment-configuration-coverage-constraint-eps-convert
ed-to.pdf>]
File: Figures/lapid-logo-45.pdf Graphic file (type pdf)
<use Figures/lapid-logo-45.pdf>
Package pdftex.def Info: Figures/lapid-logo-45.pdf  used on input line 273.
(pdftex.def)             Requested size: 12.75018pt x 16.71556pt.
 [15

]
Package epstopdf Info: Source file: <Figures/motivation/partitioning.eps>
(epstopdf)                    date: 2018-12-07 23:37:08
(epstopdf)                    size: 3193 bytes
(epstopdf)             Output file: <Figures/motivation/partitioning-eps-conver
ted-to.pdf>
(epstopdf)                    date: 2018-12-07 23:37:46
(epstopdf)                    size: 2905 bytes
(epstopdf)             Command: <epstopdf --outfile=Figures/motivation/partitio
ning-eps-converted-to.pdf Figures/motivation/partitioning.eps>
(epstopdf)             \includegraphics on input line 289.
Package epstopdf Info: Output file is already uptodate.
<Figures/motivation/partitioning-eps-converted-to.pdf, id=980, 216.81pt x 196.7
35pt>
File: Figures/motivation/partitioning-eps-converted-to.pdf Graphic file (type p
df)
<use Figures/motivation/partitioning-eps-converted-to.pdf>
Package pdftex.def Info: Figures/motivation/partitioning-eps-converted-to.pdf  
used on input line 289.
(pdftex.def)             Requested size: 86.72246pt x 78.6926pt.
File: Figures/lapid-logo-45.pdf Graphic file (type pdf)
<use Figures/lapid-logo-45.pdf>
Package pdftex.def Info: Figures/lapid-logo-45.pdf  used on input line 289.
(pdftex.def)             Requested size: 12.75018pt x 16.71556pt.
 [16

 <./Figures/motivation/partitioning-eps-converted-to.pdf>]
File: Figures/lapid-logo-45.pdf Graphic file (type pdf)
<use Figures/lapid-logo-45.pdf>
Package pdftex.def Info: Figures/lapid-logo-45.pdf  used on input line 303.
(pdftex.def)             Requested size: 12.75018pt x 16.71556pt.
 [17

]
File: Figures/lapid-logo-45.pdf Graphic file (type pdf)
<use Figures/lapid-logo-45.pdf>
Package pdftex.def Info: Figures/lapid-logo-45.pdf  used on input line 319.
(pdftex.def)             Requested size: 12.75018pt x 16.71556pt.
 [18

]pdfTeX warning (ext4): destination with the same identifier (name{probformulat
ion2<1>}) has been already used, duplicate ignored
<to be read again> 
                   \relax 
l.329 \end{frame}
                 pdfTeX warning (ext4): destination with the same identifier (n
ame{probformulation2}) has been already used, duplicate ignored
<to be read again> 
                   \relax 
l.329 \end{frame}
                 
File: Figures/lapid-logo-45.pdf Graphic file (type pdf)
<use Figures/lapid-logo-45.pdf>
Package pdftex.def Info: Figures/lapid-logo-45.pdf  used on input line 329.
(pdftex.def)             Requested size: 12.75018pt x 16.71556pt.
 [19

]pdfTeX warning (ext4): destination with the same identifier (name{probformulat
ion2<1>}) has been already used, duplicate ignored
<to be read again> 
                   \relax 
l.338 \end{frame}
                 pdfTeX warning (ext4): destination with the same identifier (n
ame{probformulation2}) has been already used, duplicate ignored
<to be read again> 
                   \relax 
l.338 \end{frame}
                 
File: Figures/lapid-logo-45.pdf Graphic file (type pdf)
<use Figures/lapid-logo-45.pdf>
Package pdftex.def Info: Figures/lapid-logo-45.pdf  used on input line 338.
(pdftex.def)             Requested size: 12.75018pt x 16.71556pt.
 [20

] (Seminar.toc)
File: Figures/lapid-logo-45.pdf Graphic file (type pdf)
<use Figures/lapid-logo-45.pdf>
Package pdftex.def Info: Figures/lapid-logo-45.pdf  used on input line 344.
(pdftex.def)             Requested size: 12.75018pt x 16.71556pt.
 [21

]
File: Figures/lapid-logo-45.pdf Graphic file (type pdf)
<use Figures/lapid-logo-45.pdf>
Package pdftex.def Info: Figures/lapid-logo-45.pdf  used on input line 351.
(pdftex.def)             Requested size: 12.75018pt x 16.71556pt.
 [22

]
File: Figures/lapid-logo-45.pdf Graphic file (type pdf)
<use Figures/lapid-logo-45.pdf>
Package pdftex.def Info: Figures/lapid-logo-45.pdf  used on input line 351.
(pdftex.def)             Requested size: 12.75018pt x 16.71556pt.
 [23

]
File: Figures/lapid-logo-45.pdf Graphic file (type pdf)
<use Figures/lapid-logo-45.pdf>
Package pdftex.def Info: Figures/lapid-logo-45.pdf  used on input line 364.
(pdftex.def)             Requested size: 12.75018pt x 16.71556pt.
 [24

]
File: Figures/lapid-logo-45.pdf Graphic file (type pdf)
<use Figures/lapid-logo-45.pdf>
Package pdftex.def Info: Figures/lapid-logo-45.pdf  used on input line 364.
(pdftex.def)             Requested size: 12.75018pt x 16.71556pt.
 [25

]
File: Figures/lapid-logo-45.pdf Graphic file (type pdf)
<use Figures/lapid-logo-45.pdf>
Package pdftex.def Info: Figures/lapid-logo-45.pdf  used on input line 364.
(pdftex.def)             Requested size: 12.75018pt x 16.71556pt.
 [26

]
<Figures/Voronoi-example.png, id=1619, 451.6875pt x 451.6875pt>
File: Figures/Voronoi-example.png Graphic file (type png)
<use Figures/Voronoi-example.png>
Package pdftex.def Info: Figures/Voronoi-example.png  used on input line 372.
(pdftex.def)             Requested size: 180.67178pt x 180.67178pt.
File: Figures/lapid-logo-45.pdf Graphic file (type pdf)
<use Figures/lapid-logo-45.pdf>
Package pdftex.def Info: Figures/lapid-logo-45.pdf  used on input line 372.
(pdftex.def)             Requested size: 12.75018pt x 16.71556pt.
 [27

 <./Figures/Voronoi-example.png (PNG copy)>]
File: Figures/lapid-logo-45.pdf Graphic file (type pdf)
<use Figures/lapid-logo-45.pdf>
Package pdftex.def Info: Figures/lapid-logo-45.pdf  used on input line 382.
(pdftex.def)             Requested size: 12.75018pt x 16.71556pt.
 [28

]
<Figures/central-Voronoi-example.png, id=1736, 421.575pt x 316.18124pt>
File: Figures/central-Voronoi-example.png Graphic file (type png)
<use Figures/central-Voronoi-example.png>
Package pdftex.def Info: Figures/central-Voronoi-example.png  used on input lin
e 389.
(pdftex.def)             Requested size: 210.78697pt x 158.09023pt.
File: Figures/lapid-logo-45.pdf Graphic file (type pdf)
<use Figures/lapid-logo-45.pdf>
Package pdftex.def Info: Figures/lapid-logo-45.pdf  used on input line 389.
(pdftex.def)             Requested size: 12.75018pt x 16.71556pt.
 [29

 <./Figures/central-Voronoi-example.png (PNG copy)>]
File: Figures/lapid-logo-45.pdf Graphic file (type pdf)
<use Figures/lapid-logo-45.pdf>
Package pdftex.def Info: Figures/lapid-logo-45.pdf  used on input line 397.
(pdftex.def)             Requested size: 12.75018pt x 16.71556pt.
 [30

]
File: Figures/lapid-logo-45.pdf Graphic file (type pdf)
<use Figures/lapid-logo-45.pdf>
Package pdftex.def Info: Figures/lapid-logo-45.pdf  used on input line 415.
(pdftex.def)             Requested size: 12.75018pt x 16.71556pt.
 [31

]
<Figures/Lloyds-alg-from-cortes.png, id=1909, 744.53156pt x 203.25937pt>
File: Figures/Lloyds-alg-from-cortes.png Graphic file (type png)
<use Figures/Lloyds-alg-from-cortes.png>
Package pdftex.def Info: Figures/Lloyds-alg-from-cortes.png  used on input line
 429.
(pdftex.def)             Requested size: 223.36119pt x 60.97827pt.
File: Figures/lapid-logo-45.pdf Graphic file (type pdf)
<use Figures/lapid-logo-45.pdf>
Package pdftex.def Info: Figures/lapid-logo-45.pdf  used on input line 429.
(pdftex.def)             Requested size: 12.75018pt x 16.71556pt.
 [32

 <./Figures/Lloyds-alg-from-cortes.png>]
File: Figures/lapid-logo-45.pdf Graphic file (type pdf)
<use Figures/lapid-logo-45.pdf>
Package pdftex.def Info: Figures/lapid-logo-45.pdf  used on input line 439.
(pdftex.def)             Requested size: 12.75018pt x 16.71556pt.

[33

]
File: Figures/lapid-logo-45.pdf Graphic file (type pdf)
<use Figures/lapid-logo-45.pdf>
Package pdftex.def Info: Figures/lapid-logo-45.pdf  used on input line 439.
(pdftex.def)             Requested size: 12.75018pt x 16.71556pt.
 [34

]
File: Figures/lapid-logo-45.pdf Graphic file (type pdf)
<use Figures/lapid-logo-45.pdf>
Package pdftex.def Info: Figures/lapid-logo-45.pdf  used on input line 439.
(pdftex.def)             Requested size: 12.75018pt x 16.71556pt.
 [35

]
<Figures/graph-example.png, id=2136, 720.44156pt x 357.58594pt>
File: Figures/graph-example.png Graphic file (type png)
<use Figures/graph-example.png>
Package pdftex.def Info: Figures/graph-example.png  used on input line 446.
(pdftex.def)             Requested size: 302.58339pt x 150.18506pt.
File: Figures/lapid-logo-45.pdf Graphic file (type pdf)
<use Figures/lapid-logo-45.pdf>
Package pdftex.def Info: Figures/lapid-logo-45.pdf  used on input line 446.
(pdftex.def)             Requested size: 12.75018pt x 16.71556pt.
 [36

 <./Figures/graph-example.png>]
File: Figures/lapid-logo-45.pdf Graphic file (type pdf)
<use Figures/lapid-logo-45.pdf>
Package pdftex.def Info: Figures/lapid-logo-45.pdf  used on input line 455.
(pdftex.def)             Requested size: 12.75018pt x 16.71556pt.
 [37

]
File: Figures/lapid-logo-45.pdf Graphic file (type pdf)
<use Figures/lapid-logo-45.pdf>
Package pdftex.def Info: Figures/lapid-logo-45.pdf  used on input line 462.
(pdftex.def)             Requested size: 12.75018pt x 16.71556pt.
 [38

] (Seminar.toc)
File: Figures/lapid-logo-45.pdf Graphic file (type pdf)
<use Figures/lapid-logo-45.pdf>
Package pdftex.def Info: Figures/lapid-logo-45.pdf  used on input line 468.
(pdftex.def)             Requested size: 12.75018pt x 16.71556pt.

[39

]
File: Figures/lapid-logo-45.pdf Graphic file (type pdf)
<use Figures/lapid-logo-45.pdf>
Package pdftex.def Info: Figures/lapid-logo-45.pdf  used on input line 477.
(pdftex.def)             Requested size: 12.75018pt x 16.71556pt.
 [40

]
File: Figures/lapid-logo-45.pdf Graphic file (type pdf)
<use Figures/lapid-logo-45.pdf>
Package pdftex.def Info: Figures/lapid-logo-45.pdf  used on input line 477.
(pdftex.def)             Requested size: 12.75018pt x 16.71556pt.
 [41

]
File: Figures/lapid-logo-45.pdf Graphic file (type pdf)
<use Figures/lapid-logo-45.pdf>
Package pdftex.def Info: Figures/lapid-logo-45.pdf  used on input line 477.
(pdftex.def)             Requested size: 12.75018pt x 16.71556pt.
 [42

]
File: Figures/lapid-logo-45.pdf Graphic file (type pdf)
<use Figures/lapid-logo-45.pdf>
Package pdftex.def Info: Figures/lapid-logo-45.pdf  used on input line 495.
(pdftex.def)             Requested size: 12.75018pt x 16.71556pt.
 [43

]
<Figures/proj-lloyds-off.png, id=2595, 421.575pt x 316.18124pt>
File: Figures/proj-lloyds-off.png Graphic file (type png)
<use Figures/proj-lloyds-off.png>
Package pdftex.def Info: Figures/proj-lloyds-off.png  used on input line 515.
(pdftex.def)             Requested size: 126.47346pt x 94.8551pt.

Overfull \hbox (3.5594pt too wide) in paragraph at lines 515--515
 [][] 
 []

<Figures/proj-lloyds-on.png, id=2596, 421.575pt x 316.18124pt>
File: Figures/proj-lloyds-on.png Graphic file (type png)
<use Figures/proj-lloyds-on.png>
Package pdftex.def Info: Figures/proj-lloyds-on.png  used on input line 515.
(pdftex.def)             Requested size: 126.47346pt x 94.8551pt.

Overfull \hbox (3.5594pt too wide) in paragraph at lines 515--515
 [][] 
 []

File: Figures/lapid-logo-45.pdf Graphic file (type pdf)
<use Figures/lapid-logo-45.pdf>
Package pdftex.def Info: Figures/lapid-logo-45.pdf  used on input line 515.
(pdftex.def)             Requested size: 12.75018pt x 16.71556pt.
[44

 <./Figures/proj-lloyds-off.png (PNG copy)> <./Figures/proj-lloyds-on.png (PNG 
copy)>]
File: Figures/lapid-logo-45.pdf Graphic file (type pdf)
<use Figures/lapid-logo-45.pdf>
Package pdftex.def Info: Figures/lapid-logo-45.pdf  used on input line 523.
(pdftex.def)             Requested size: 12.75018pt x 16.71556pt.
 [45

]
File: Figures/lapid-logo-45.pdf Graphic file (type pdf)
<use Figures/lapid-logo-45.pdf>
Package pdftex.def Info: Figures/lapid-logo-45.pdf  used on input line 528.
(pdftex.def)             Requested size: 12.75018pt x 16.71556pt.
 [46

]
File: Figures/lapid-logo-45.pdf Graphic file (type pdf)
<use Figures/lapid-logo-45.pdf>
Package pdftex.def Info: Figures/lapid-logo-45.pdf  used on input line 539.
(pdftex.def)             Requested size: 12.75018pt x 16.71556pt.
 [47

]
File: Figures/lapid-logo-45.pdf Graphic file (type pdf)
<use Figures/lapid-logo-45.pdf>
Package pdftex.def Info: Figures/lapid-logo-45.pdf  used on input line 549.
(pdftex.def)             Requested size: 12.75018pt x 16.71556pt.
 [48

]
File: Figures/lapid-logo-45.pdf Graphic file (type pdf)
<use Figures/lapid-logo-45.pdf>
Package pdftex.def Info: Figures/lapid-logo-45.pdf  used on input line 560.
(pdftex.def)             Requested size: 12.75018pt x 16.71556pt.
 [49

]
File: Figures/lapid-logo-45.pdf Graphic file (type pdf)
<use Figures/lapid-logo-45.pdf>
Package pdftex.def Info: Figures/lapid-logo-45.pdf  used on input line 560.
(pdftex.def)             Requested size: 12.75018pt x 16.71556pt.
 [50

]
File: Figures/lapid-logo-45.pdf Graphic file (type pdf)
<use Figures/lapid-logo-45.pdf>
Package pdftex.def Info: Figures/lapid-logo-45.pdf  used on input line 560.
(pdftex.def)             Requested size: 12.75018pt x 16.71556pt.
 [51

]
File: Figures/lapid-logo-45.pdf Graphic file (type pdf)
<use Figures/lapid-logo-45.pdf>
Package pdftex.def Info: Figures/lapid-logo-45.pdf  used on input line 560.
(pdftex.def)             Requested size: 12.75018pt x 16.71556pt.
 [52

]
Overfull \hbox (18.44646pt too wide) detected at line 572
\OML/cmm/m/it/10.95 u[] \OT1/cmr/m/n/10.95 = \OML/cmm/m/it/10.95  [] \OT1/cmr/
m/n/10.95 + [] [][] []
 []

File: Figures/lapid-logo-45.pdf Graphic file (type pdf)
<use Figures/lapid-logo-45.pdf>
Package pdftex.def Info: Figures/lapid-logo-45.pdf  used on input line 572.
(pdftex.def)             Requested size: 12.75018pt x 16.71556pt.
[53

]
Overfull \hbox (18.44646pt too wide) detected at line 572
\OML/cmm/m/it/10.95 u[] \OT1/cmr/m/n/10.95 = \OML/cmm/m/it/10.95  [] \OT1/cmr/
m/n/10.95 + [] [] []
 []

File: Figures/lapid-logo-45.pdf Graphic file (type pdf)
<use Figures/lapid-logo-45.pdf>
Package pdftex.def Info: Figures/lapid-logo-45.pdf  used on input line 572.
(pdftex.def)             Requested size: 12.75018pt x 16.71556pt.
[54

]
File: Figures/lapid-logo-45.pdf Graphic file (type pdf)
<use Figures/lapid-logo-45.pdf>
Package pdftex.def Info: Figures/lapid-logo-45.pdf  used on input line 582.
(pdftex.def)             Requested size: 12.75018pt x 16.71556pt.
 [55

] (Seminar.toc)
File: Figures/lapid-logo-45.pdf Graphic file (type pdf)
<use Figures/lapid-logo-45.pdf>
Package pdftex.def Info: Figures/lapid-logo-45.pdf  used on input line 590.
(pdftex.def)             Requested size: 12.75018pt x 16.71556pt.
 [56

]
File: Figures/lapid-logo-45.pdf Graphic file (type pdf)
<use Figures/lapid-logo-45.pdf>
Package pdftex.def Info: Figures/lapid-logo-45.pdf  used on input line 600.
(pdftex.def)             Requested size: 12.75018pt x 16.71556pt.
 [57

]
\tf@nav=\write6
\openout6 = `Seminar.nav'.

\tf@toc=\write7
\openout7 = `Seminar.toc'.

\tf@snm=\write8
\openout8 = `Seminar.snm'.

Package atveryend Info: Empty hook `BeforeClearDocument' on input line 602.
Package atveryend Info: Empty hook `AfterLastShipout' on input line 602.
 (Seminar.aux)
Package atveryend Info: Executing hook `AtVeryEndDocument' on input line 602.
Package atveryend Info: Executing hook `AtEndAfterFileList' on input line 602.


Package rerunfilecheck Warning: File `Seminar.out' has changed.
(rerunfilecheck)                Rerun to get outlines right
(rerunfilecheck)                or use package `bookmark'.

Package rerunfilecheck Info: Checksums for `Seminar.out':
(rerunfilecheck)             Before: 8359A1B98EBD2FE6DDD753AEF1C5D029;945
(rerunfilecheck)             After:  572DF12BC7B7A12E9A5D56D7D7E4CF7A;945.

LaTeX Warning: There were multiply-defined labels.

 ) 
Here is how much of TeX's memory you used:
 23569 strings out of 492973
 466462 string characters out of 3135932
 583994 words of memory out of 3000000
 26612 multiletter control sequences out of 15000+200000
 20347 words of font info for 84 fonts, out of 3000000 for 9000
 1141 hyphenation exceptions out of 8191
 56i,20n,65p,776b,917s stack positions out of 5000i,500n,10000p,200000b,50000s
pdfTeX warning (dest): name{Navigation60} has been referenced but does not ex
ist, replaced by a fixed one

pdfTeX warning (dest): name{Navigation59} has been referenced but does not exis
t, replaced by a fixed one

pdfTeX warning (dest): name{Navigation58} has been referenced but does not exis
t, replaced by a fixed one

pdfTeX warning (dest): name{Outline0.4.1.60} has been referenced but does not e
xist, replaced by a fixed one

pdfTeX warning (dest): name{Outline0.3.3.52} has been referenced but does not e
xist, replaced by a fixed one

pdfTeX warning (dest): name{Outline0.3.2.50} has been referenced but does not e
xist, replaced by a fixed one

pdfTeX warning (dest): name{Outline0.3.1.43} has been referenced but does not e
xist, replaced by a fixed one

pdfTeX warning (dest): name{Outline0.2.4.41} has been referenced but does not e
xist, replaced by a fixed one

pdfTeX warning (dest): name{Outline0.2.3.36} has been referenced but does not e
xist, replaced by a fixed one

pdfTeX warning (dest): name{Outline0.2.2.30} has been referenced but does not e
xist, replaced by a fixed one

pdfTeX warning (dest): name{Outline0.2.1.25} has been referenced but does not e
xist, replaced by a fixed one

<C:/Program Files/MiKTeX 2.9/fonts/type1/public/amsfonts/cm/cmex10.pfb><C:/Prog
ram Files/MiKTeX 2.9/fonts/type1/public/amsfonts/cm/cmmi10.pfb><C:/Program File
s/MiKTeX 2.9/fonts/type1/public/amsfonts/cm/cmmi6.pfb><C:/Program Files/MiKTeX 
2.9/fonts/type1/public/amsfonts/cm/cmmi7.pfb><C:/Program Files/MiKTeX 2.9/fonts
/type1/public/amsfonts/cm/cmmi8.pfb><C:/Program Files/MiKTeX 2.9/fonts/type1/pu
blic/amsfonts/cm/cmr10.pfb><C:/Program Files/MiKTeX 2.9/fonts/type1/public/amsf
onts/cm/cmr8.pfb><C:/Program Files/MiKTeX 2.9/fonts/type1/public/amsfonts/cm/cm
ss10.pfb><C:/Program Files/MiKTeX 2.9/fonts/type1/public/amsfonts/cm/cmss12.pfb
><C:/Program Files/MiKTeX 2.9/fonts/type1/public/amsfonts/cm/cmss8.pfb><C:/Prog
ram Files/MiKTeX 2.9/fonts/type1/public/amsfonts/cm/cmss9.pfb><C:/Program Files
/MiKTeX 2.9/fonts/type1/public/amsfonts/cm/cmssbx10.pfb><C:/Program Files/MiKTe
X 2.9/fonts/type1/public/amsfonts/cm/cmssi10.pfb><C:/Program Files/MiKTeX 2.9/f
onts/type1/public/amsfonts/cm/cmssi9.pfb><C:/Program Files/MiKTeX 2.9/fonts/typ
e1/public/amsfonts/cm/cmsy10.pfb><C:/Program Files/MiKTeX 2.9/fonts/type1/publi
c/amsfonts/cm/cmsy8.pfb><C:/Program Files/MiKTeX 2.9/fonts/type1/public/amsfont
s/symbols/msbm10.pfb>
Output written on Seminar.pdf (57 pages, 1038364 bytes).
PDF statistics:
 3498 PDF objects out of 3580 (max. 8388607)
 238 named destinations out of 1000 (max. 500000)
 301 words of extra memory for PDF output out of 10000 (max. 10000000)

